c:\users\adamh\source\repos\directx-11-engine\directx 11 app\x86\debug\vc141.pdb
c:\users\adamh\source\repos\directx-11-engine\directx 11 app\x86\debug\vc141.idb
c:\users\adamh\source\repos\directx-11-engine\directx 11 app\x86\debug\texture.obj
c:\users\adamh\source\repos\directx-11-engine\directx 11 app\x86\debug\shaders.obj
c:\users\adamh\source\repos\directx-11-engine\directx 11 app\x86\debug\renderwindow.obj
c:\users\adamh\source\repos\directx-11-engine\directx 11 app\x86\debug\object.obj
c:\users\adamh\source\repos\directx-11-engine\directx 11 app\x86\debug\mouseevent.obj
c:\users\adamh\source\repos\directx-11-engine\directx 11 app\x86\debug\mouse.obj
c:\users\adamh\source\repos\directx-11-engine\directx 11 app\x86\debug\mesh.obj
c:\users\adamh\source\repos\directx-11-engine\directx 11 app\x86\debug\keyboardevent.obj
c:\users\adamh\source\repos\directx-11-engine\directx 11 app\x86\debug\keyboard.obj
c:\users\adamh\source\repos\directx-11-engine\directx 11 app\x86\debug\timer.obj
c:\users\adamh\source\repos\directx-11-engine\directx 11 app\x86\debug\textfont.obj
c:\users\adamh\source\repos\directx-11-engine\directx 11 app\x86\debug\spotlight.obj
c:\users\adamh\source\repos\directx-11-engine\directx 11 app\x86\debug\pointlight.obj
c:\users\adamh\source\repos\directx-11-engine\directx 11 app\x86\debug\gameobject.obj
c:\users\adamh\source\repos\directx-11-engine\directx 11 app\x86\debug\engine.obj
c:\users\adamh\source\repos\directx-11-engine\directx 11 app\x86\debug\dxgraphics.obj
c:\users\adamh\source\repos\directx-11-engine\directx 11 app\x86\debug\camera.obj
c:\users\adamh\source\repos\directx-11-engine\directx 11 app\x86\debug\app.obj
c:\users\adamh\source\repos\directx-11-engine\directx 11 app\x86\debug\ambientlight.obj
c:\users\adamh\source\repos\directx-11-engine\directx 11 app\x86\debug\adapterreader.obj
c:\users\adamh\source\repos\directx-11-engine\directx 11 app\x86\debug\windowcont.obj
c:\users\adamh\source\repos\directx-11-engine\directx 11 app\x86\debug\vertex.obj
c:\users\adamh\source\repos\directx-11-engine\directx 11 app\x86\debug\light.obj
c:\users\adamh\source\repos\directx-11-engine\directx 11 app\x86\debug\vertexshader.cso
c:\users\adamh\source\repos\directx-11-engine\directx 11 app\x86\debug\pixelshader.cso
c:\users\adamh\source\repos\directx-11-engine\directx 11 app\x86\debug\directx 11 app.exe
c:\users\adamh\source\repos\directx-11-engine\directx 11 app\x86\debug\directx 11 app.ilk
c:\users\adamh\source\repos\directx-11-engine\directx 11 app\x86\debug\directx 11 app.pdb
c:\users\adamh\source\repos\directx-11-engine\directx 11 app\x86\debug\directx 11 app.tlog\cl.command.1.tlog
c:\users\adamh\source\repos\directx-11-engine\directx 11 app\x86\debug\directx 11 app.tlog\cl.read.1.tlog
c:\users\adamh\source\repos\directx-11-engine\directx 11 app\x86\debug\directx 11 app.tlog\cl.write.1.tlog
c:\users\adamh\source\repos\directx-11-engine\directx 11 app\x86\debug\directx 11 app.tlog\fxc.command.1.tlog
c:\users\adamh\source\repos\directx-11-engine\directx 11 app\x86\debug\directx 11 app.tlog\fxc.read.1.tlog
c:\users\adamh\source\repos\directx-11-engine\directx 11 app\x86\debug\directx 11 app.tlog\fxc.write.1.tlog
c:\users\adamh\source\repos\directx-11-engine\directx 11 app\x86\debug\directx 11 app.tlog\link.command.1.tlog
c:\users\adamh\source\repos\directx-11-engine\directx 11 app\x86\debug\directx 11 app.tlog\link.read.1.tlog
c:\users\adamh\source\repos\directx-11-engine\directx 11 app\x86\debug\directx 11 app.tlog\link.write.1.tlog
