  compilation object save succeeded; see C:\Users\adamh\source\repos\DirectX-11-Engine\DirectX 11 App\Debug\PixelShader.cso
  compilation object save succeeded; see C:\Users\adamh\source\repos\DirectX-11-Engine\DirectX 11 App\Debug\VertexShader.cso
  AdapterReader.cpp
  App.cpp
  Camera.cpp
  DXGraphics.cpp
  Engine.cpp
  FrameTimer.cpp
  Keyboard.cpp
  KeyboardEvent.cpp
  Mesh.cpp
  Mouse.cpp
  MouseEvent.cpp
  Object.cpp
  RenderWindow.cpp
  Shaders.cpp
  Vertex.cpp
  WindowCont.cpp
  Generating Code...
  DirectX 11 App.vcxproj -> C:\Users\adamh\source\repos\DirectX-11-Engine\DirectX 11 App\Debug\DirectX 11 App.exe
