c:\users\adamh\source\repos\directx-11-engine\directx 11 app\debug\vc141.pdb
c:\users\adamh\source\repos\directx-11-engine\directx 11 app\debug\vc141.idb
c:\users\adamh\source\repos\directx-11-engine\directx 11 app\debug\windowcont.obj
c:\users\adamh\source\repos\directx-11-engine\directx 11 app\debug\renderwindow.obj
c:\users\adamh\source\repos\directx-11-engine\directx 11 app\debug\object.obj
c:\users\adamh\source\repos\directx-11-engine\directx 11 app\debug\engine.obj
c:\users\adamh\source\repos\directx-11-engine\directx 11 app\debug\dxgraphics.obj
c:\users\adamh\source\repos\directx-11-engine\directx 11 app\debug\app.obj
c:\users\adamh\source\repos\directx-11-engine\directx 11 app\debug\mesh.obj
c:\users\adamh\source\repos\directx-11-engine\directx 11 app\debug\pixelshader.cso
c:\users\adamh\source\repos\directx-11-engine\directx 11 app\debug\vertexshader.cso
c:\users\adamh\source\repos\directx-11-engine\directx 11 app\debug\directx 11 app.exe
c:\users\adamh\source\repos\directx-11-engine\directx 11 app\debug\directx 11 app.ilk
c:\users\adamh\source\repos\directx-11-engine\directx 11 app\debug\directx 11 app.pdb
c:\users\adamh\source\repos\directx-11-engine\directx 11 app\debug\adapterreader.obj
c:\users\adamh\source\repos\directx-11-engine\directx 11 app\debug\camera.obj
c:\users\adamh\source\repos\directx-11-engine\directx 11 app\debug\frametimer.obj
c:\users\adamh\source\repos\directx-11-engine\directx 11 app\debug\keyboard.obj
c:\users\adamh\source\repos\directx-11-engine\directx 11 app\debug\keyboardevent.obj
c:\users\adamh\source\repos\directx-11-engine\directx 11 app\debug\mouse.obj
c:\users\adamh\source\repos\directx-11-engine\directx 11 app\debug\mouseevent.obj
c:\users\adamh\source\repos\directx-11-engine\directx 11 app\debug\shaders.obj
c:\users\adamh\source\repos\directx-11-engine\directx 11 app\debug\vertex.obj
c:\users\adamh\source\repos\directx-11-engine\directx 11 app\debug\directx 11 app.tlog\cl.command.1.tlog
c:\users\adamh\source\repos\directx-11-engine\directx 11 app\debug\directx 11 app.tlog\cl.read.1.tlog
c:\users\adamh\source\repos\directx-11-engine\directx 11 app\debug\directx 11 app.tlog\cl.write.1.tlog
c:\users\adamh\source\repos\directx-11-engine\directx 11 app\debug\directx 11 app.tlog\fxc.command.1.tlog
c:\users\adamh\source\repos\directx-11-engine\directx 11 app\debug\directx 11 app.tlog\fxc.read.1.tlog
c:\users\adamh\source\repos\directx-11-engine\directx 11 app\debug\directx 11 app.tlog\fxc.write.1.tlog
c:\users\adamh\source\repos\directx-11-engine\directx 11 app\debug\directx 11 app.tlog\link.command.1.tlog
c:\users\adamh\source\repos\directx-11-engine\directx 11 app\debug\directx 11 app.tlog\link.read.1.tlog
c:\users\adamh\source\repos\directx-11-engine\directx 11 app\debug\directx 11 app.tlog\link.write.1.tlog
